Crashlog created at Thu Jun 28 17:21:07 -0300 2012

=== MESSAGE:

RuntimeError: dst requires no trailing slash

=== COMPILATION STACK:

  (empty)

=== BACKTRACE:

  0. /var/lib/gems/1.8/gems/nanoc-3.4.0/lib/nanoc/extra/deployers/rsync.rb:43:in `run'
  1. /var/lib/gems/1.8/gems/nanoc-3.4.0/lib/nanoc/cli/commands/deploy.rb:65:in `run'
  2. /var/lib/gems/1.8/gems/nanoc-3.4.0/lib/nanoc/cli/command_runner.rb:14:in `call'
  3. /var/lib/gems/1.8/gems/nanoc-3.4.0/lib/nanoc/cli/error_handler.rb:63:in `handle_while'
  4. /var/lib/gems/1.8/gems/nanoc-3.4.0/lib/nanoc/cli/error_handler.rb:26:in `handle_while'
  5. /var/lib/gems/1.8/gems/nanoc-3.4.0/lib/nanoc/cli/command_runner.rb:13:in `call'
  6. /var/lib/gems/1.8/gems/cri-2.3.0/lib/cri/command_dsl.rb:185:in `runner'
  7. /var/lib/gems/1.8/gems/cri-2.3.0/lib/cri/command.rb:296:in `call'
  8. /var/lib/gems/1.8/gems/cri-2.3.0/lib/cri/command.rb:296:in `run_this'
  9. /var/lib/gems/1.8/gems/cri-2.3.0/lib/cri/command.rb:249:in `run'
  10. /var/lib/gems/1.8/gems/cri-2.3.0/lib/cri/command.rb:262:in `run'
  11. /var/lib/gems/1.8/gems/nanoc-3.4.0/lib/nanoc/cli.rb:47:in `run'
  12. /var/lib/gems/1.8/gems/nanoc-3.4.0/lib/nanoc/cli/error_handler.rb:63:in `handle_while'
  13. /var/lib/gems/1.8/gems/nanoc-3.4.0/lib/nanoc/cli/error_handler.rb:26:in `handle_while'
  14. /var/lib/gems/1.8/gems/nanoc-3.4.0/lib/nanoc/cli.rb:44:in `run'
  15. /var/lib/gems/1.8/gems/nanoc-3.4.0/bin/nanoc:19
  16. /usr/local/bin/nanoc:19:in `load'
  17. /usr/local/bin/nanoc:19

=== VERSION INFORMATION:

nanoc 3.4.0 © 2007-2012 Denis Defreyne.
Running ruby 1.8.7 (2011-06-30) on x86_64-linux with RubyGems 1.8.15.

=== INSTALLED GEMS:

  rack 1.4.1
  nanoc 3.4.0
  cri 2.3.0
  colored 1.2
  kramdown 0.13.7
  systemu 2.5.1
  adsf 1.1.1

=== ENVIRONMENT:

COLORTERM => "gnome-terminal"
DBUS_SESSION_BUS_ADDRESS => "unix:abstract=/tmp/dbus-vHvLPiU8rj,guid=1adf576946dbb2284e3dde3200000049"
DEFAULTS_PATH => "/usr/share/gconf/gnome-shell.default.path"
DESKTOP_SESSION => "gnome-shell"
DISPLAY => ":0"
GDMSESSION => "gnome-shell"
GDM_LANG => "en_US"
GNOME_DESKTOP_SESSION_ID => "this-is-deprecated"
GNOME_KEYRING_CONTROL => "/tmp/keyring-RmG4Ru"
GNOME_KEYRING_PID => "2374"
GPG_AGENT_INFO => "/tmp/keyring-RmG4Ru/gpg:0:1"
GTK_MODULES => "canberra-gtk-module:canberra-gtk-module"
HOME => "/home/rchiossi"
LANG => "en_US.UTF-8"
LANGUAGE => "en_US:en"
LESSCLOSE => "/usr/bin/lesspipe %s %s"
LESSOPEN => "| /usr/bin/lesspipe %s"
LOGNAME => "rchiossi"
LS_COLORS => "rs=0:di=01;34:ln=01;36:mh=00:pi=40;33:so=01;35:do=01;35:bd=40;33;01:cd=40;33;01:or=40;31;01:su=37;41:sg=30;43:ca=30;41:tw=30;42:ow=34;42:st=37;44:ex=01;32:*.tar=01;31:*.tgz=01;31:*.arj=01;31:*.taz=01;31:*.lzh=01;31:*.lzma=01;31:*.tlz=01;31:*.txz=01;31:*.zip=01;31:*.z=01;31:*.Z=01;31:*.dz=01;31:*.gz=01;31:*.lz=01;31:*.xz=01;31:*.bz2=01;31:*.bz=01;31:*.tbz=01;31:*.tbz2=01;31:*.tz=01;31:*.deb=01;31:*.rpm=01;31:*.jar=01;31:*.war=01;31:*.ear=01;31:*.sar=01;31:*.rar=01;31:*.ace=01;31:*.zoo=01;31:*.cpio=01;31:*.7z=01;31:*.rz=01;31:*.jpg=01;35:*.jpeg=01;35:*.gif=01;35:*.bmp=01;35:*.pbm=01;35:*.pgm=01;35:*.ppm=01;35:*.tga=01;35:*.xbm=01;35:*.xpm=01;35:*.tif=01;35:*.tiff=01;35:*.png=01;35:*.svg=01;35:*.svgz=01;35:*.mng=01;35:*.pcx=01;35:*.mov=01;35:*.mpg=01;35:*.mpeg=01;35:*.m2v=01;35:*.mkv=01;35:*.webm=01;35:*.ogm=01;35:*.mp4=01;35:*.m4v=01;35:*.mp4v=01;35:*.vob=01;35:*.qt=01;35:*.nuv=01;35:*.wmv=01;35:*.asf=01;35:*.rm=01;35:*.rmvb=01;35:*.flc=01;35:*.avi=01;35:*.fli=01;35:*.flv=01;35:*.gl=01;35:*.dl=01;35:*.xcf=01;35:*.xwd=01;35:*.yuv=01;35:*.cgm=01;35:*.emf=01;35:*.axv=01;35:*.anx=01;35:*.ogv=01;35:*.ogx=01;35:*.aac=00;36:*.au=00;36:*.flac=00;36:*.mid=00;36:*.midi=00;36:*.mka=00;36:*.mp3=00;36:*.mpc=00;36:*.ogg=00;36:*.ra=00;36:*.wav=00;36:*.axa=00;36:*.oga=00;36:*.spx=00;36:*.xspf=00;36:"
MANDATORY_PATH => "/usr/share/gconf/gnome-shell.mandatory.path"
OLDPWD => "/home/rchiossi/nanoc/androidxref/content"
PATH => "/home/rchiossi/android-ndk-r8:/home/rchiossi/android-sdk-linux/tools:/home/rchiossi/android-sdk-linux/platform-tools:/home/rchiossi/bin:/home/rchiossi/bin:/usr/local/bin:/usr/bin:/bin:/usr/games"
PWD => "/home/rchiossi/nanoc/androidxref"
SESSION_MANAGER => "local/rchiossi-3:@/tmp/.ICE-unix/2391,unix/rchiossi-3:/tmp/.ICE-unix/2391"
SHELL => "/bin/bash"
SHLVL => "1"
SSH_AGENT_PID => "2435"
SSH_AUTH_SOCK => "/tmp/keyring-RmG4Ru/ssh"
TERM => "xterm"
USER => "rchiossi"
USERNAME => "rchiossi"
WINDOWID => "35672762"
WINDOWPATH => "7"
XAUTHORITY => "/var/run/gdm/auth-for-rchiossi-aIVJjL/database"
XDG_CONFIG_DIRS => "/etc/xdg/xdg-gnome-shell:/etc/xdg"
XDG_CURRENT_DESKTOP => "GNOME"
XDG_DATA_DIRS => "/usr/share/gnome-shell:/usr/share/gnome:/usr/local/share/:/usr/share/"
XDG_SESSION_COOKIE => "3b6d53e6f0ad1f8762f63a9000000009-1340885831.298527-1183142613"
_ => "/usr/local/bin/nanoc"

=== $LOAD_PATH:

  0. /var/lib/gems/1.8/gems/nanoc-3.4.0/lib
  1. /var/lib/gems/1.8/gems/colored-1.2/lib
  2. /var/lib/gems/1.8/gems/cri-2.3.0/lib
  3. /var/lib/gems/1.8/gems/nanoc-3.4.0/lib
  4. /var/lib/gems/1.8/gems/systemu-2.5.1/lib
  5. /usr/local/lib/site_ruby/1.8
  6. /usr/local/lib/site_ruby/1.8/x86_64-linux
  7. /usr/local/lib/site_ruby
  8. /usr/lib/ruby/vendor_ruby/1.8
  9. /usr/lib/ruby/vendor_ruby/1.8/x86_64-linux
  10. /usr/lib/ruby/vendor_ruby
  11. /usr/lib/ruby/1.8
  12. /usr/lib/ruby/1.8/x86_64-linux
  13. .
